<?xml version="1.0" encoding="UTF-8"?>
<!-- Generated by org.testng.reporters.JUnitReportReporter -->
<testsuite hostname="DESKTOP-1AJ6O28" failures="0" tests="9" name="com.framework.tests.NSEStockTest" time="156.792" errors="0" timestamp="2025-05-21T15:14:24 IST" skipped="0">
  <testcase classname="com.framework.tests.NSEStockTest" name="testStockInformation" time="18.220"/>
  <testcase classname="com.framework.tests.NSEStockTest" name="testStockInformation" time="18.397"/>
  <testcase classname="com.framework.tests.NSEStockTest" name="testStockInformation" time="17.370"/>
  <testcase classname="com.framework.tests.NSEStockTest" name="testStockInformation" time="18.727"/>
  <testcase classname="com.framework.tests.NSEStockTest" name="testStockInformation" time="16.579"/>
  <testcase classname="com.framework.tests.NSEStockTest" name="testStockInformation" time="16.379"/>
  <testcase classname="com.framework.tests.NSEStockTest" name="testStockInformation" time="15.127"/>
  <testcase classname="com.framework.tests.NSEStockTest" name="testStockInformation" time="18.733"/>
  <testcase classname="com.framework.tests.NSEStockTest" name="testStockInformation" time="17.260"/>
</testsuite> <!-- com.framework.tests.NSEStockTest -->
