<?xml version="1.0" encoding="UTF-8"?>
<!-- Generated by org.testng.reporters.JUnitReportReporter -->
<testsuite hostname="DESKTOP-1AJ6O28" failures="0" tests="9" name="com.framework.tests.NSEStockComparisonTest" time="137.426" errors="0" timestamp="2025-05-21T15:09:41 IST" skipped="0">
  <testcase classname="com.framework.tests.NSEStockComparisonTest" name="compare52WeekHighLowWithExcel" time="15.219"/>
  <testcase classname="com.framework.tests.NSEStockComparisonTest" name="compare52WeekHighLowWithExcel" time="15.112"/>
  <testcase classname="com.framework.tests.NSEStockComparisonTest" name="compare52WeekHighLowWithExcel" time="14.921"/>
  <testcase classname="com.framework.tests.NSEStockComparisonTest" name="compare52WeekHighLowWithExcel" time="15.483"/>
  <testcase classname="com.framework.tests.NSEStockComparisonTest" name="compare52WeekHighLowWithExcel" time="15.830"/>
  <testcase classname="com.framework.tests.NSEStockComparisonTest" name="compare52WeekHighLowWithExcel" time="15.474"/>
  <testcase classname="com.framework.tests.NSEStockComparisonTest" name="compare52WeekHighLowWithExcel" time="15.384"/>
  <testcase classname="com.framework.tests.NSEStockComparisonTest" name="compare52WeekHighLowWithExcel" time="14.783"/>
  <testcase classname="com.framework.tests.NSEStockComparisonTest" name="compare52WeekHighLowWithExcel" time="15.220"/>
</testsuite> <!-- com.framework.tests.NSEStockComparisonTest -->
